Success (15):
datatype 2998 {urn:com:appian:types}Employee "{urn:com:appian:types}Employee"
datatype 3002 {urn:com:appian:types}Legislator "{urn:com:appian:types}Legislator"
dataStore 13880 _a-0000dc24-b9e1-8000-9e06-010000010000_14223 "Employees"
group 99 _e-0000dc24-b9d9-8000-9e04-010000010000_99 "AT Action Initiators"
group 100 _e-0000dc24-b9d9-8000-9e04-010000010000_100 "AT Administrators group "
content 13859 _a-0000dc24-b9e1-8000-9e06-010000010000_14202 "enterComments"
content 13873 _a-0000dc24-b9e1-8000-9e06-010000010000_14217 "My_Task_Report"
content 13876 _a-0000dc24-b9e1-8000-9e06-010000010000_14218 "AT_myTaskReport"
content 13888 _a-0000dc24-b9e1-8000-9e06-010000010000_14226 "expenseReportForm"
processModelFolder 53 _g-0000dc24-b9e3-8000-9e06-010000010000_53 "Example Folder"
processModel 1410 0002dc4b-887c-8000-9e06-010000010000 "AT MY First Action"
processModel 1413 0002dc4b-8b1f-8000-9e06-010000010000 "="Expenses Submitted: " & pv!expenseItem"
processModel 157 0002d9df-bcfb-8000-9e06-010000010000 "Submit Expenses"
application 13844 _a-0000dc24-b9e1-8000-9e06-010000010000_14188 "Appian Tutorial "
tempoReport 22 9a9c998d-7749-452d-af4f-c5f9457466ff "My_Tasks"

Referenced precedents that were not exported (4):
datatype 1728 {http://appian.collabralink.com:7777/suite/types/}Employee
user rpratap rpratap
content 59 _a-0000d9d3-0af4-8000-9e06-010000010000_59
processModelFolder 7 _g-0000d9d7-d940-8000-9e06-010000010000_7

Trace:
2016-08-05 19:35:16.556 DEBUG application 13844 _a-0000dc24-b9e1-8000-9e06-010000010000_14188 Begin transport.
2016-08-05 19:35:16.556 DEBUG application 13844 _a-0000dc24-b9e1-8000-9e06-010000010000_14188 Retrieving object data.
2016-08-05 19:35:16.558 DEBUG application 13844 _a-0000dc24-b9e1-8000-9e06-010000010000_14188 App associated objects: GlobalIdMap[datatype=[{urn:com:appian:types}Employee, {urn:com:appian:types}Legislator],dataStore=[_a-0000dc24-b9e1-8000-9e06-010000010000_14223],group=[_e-0000dc24-b9d9-8000-9e04-010000010000_99, _e-0000dc24-b9d9-8000-9e04-010000010000_100],content=[_a-0000dc24-b9e1-8000-9e06-010000010000_14189, _a-0000dc24-b9e1-8000-9e06-010000010000_14202, _a-0000dc24-b9e1-8000-9e06-010000010000_14217, _a-0000dc24-b9e1-8000-9e06-010000010000_14218, _a-0000dc24-b9e1-8000-9e06-010000010000_14226],processModelFolder=[_g-0000dc24-b9e3-8000-9e06-010000010000_53],processModel=[0002dc4b-887c-8000-9e06-010000010000, 0002dc4b-8b1f-8000-9e06-010000010000, 0002d9df-bcfb-8000-9e06-010000010000],tempoReport=[9a9c998d-7749-452d-af4f-c5f9457466ff]]
2016-08-05 19:35:16.563 DEBUG application 13844 _a-0000dc24-b9e1-8000-9e06-010000010000_14188 Invalid associated objects: GlobalIdMap[content=[_a-0000dc24-b9e1-8000-9e06-010000010000_14189]]
2016-08-05 19:35:16.563 DEBUG application 13844 _a-0000dc24-b9e1-8000-9e06-010000010000_14188 Adding valid associated objects to be exported: GlobalBindingMap[datatype={{urn:com:appian:types}Employee=2998, {urn:com:appian:types}Legislator=3002},dataStore={_a-0000dc24-b9e1-8000-9e06-010000010000_14223=13880},group={_e-0000dc24-b9d9-8000-9e04-010000010000_99=99, _e-0000dc24-b9d9-8000-9e04-010000010000_100=100},content={_a-0000dc24-b9e1-8000-9e06-010000010000_14202=13859, _a-0000dc24-b9e1-8000-9e06-010000010000_14217=13873, _a-0000dc24-b9e1-8000-9e06-010000010000_14218=13876, _a-0000dc24-b9e1-8000-9e06-010000010000_14226=13888},processModelFolder={_g-0000dc24-b9e3-8000-9e06-010000010000_53=53},processModel={0002dc4b-887c-8000-9e06-010000010000=1410, 0002dc4b-8b1f-8000-9e06-010000010000=1413, 0002d9df-bcfb-8000-9e06-010000010000=157},tempoReport={9a9c998d-7749-452d-af4f-c5f9457466ff=22}]
2016-08-05 19:35:16.564 DEBUG application 13844 _a-0000dc24-b9e1-8000-9e06-010000010000_14188 Setting uuids of object references.
2016-08-05 19:35:16.564 DEBUG application 13844 _a-0000dc24-b9e1-8000-9e06-010000010000_14188 Processing reference: Application.forum
2016-08-05 19:35:16.565 DEBUG application 13844 _a-0000dc24-b9e1-8000-9e06-010000010000_14188 Processing reference: Application.parent
2016-08-05 19:35:16.566 DEBUG application 13844 _a-0000dc24-b9e1-8000-9e06-010000010000_14188 Processing reference: com.appiancorp.suiteapi.content.ContentRoleMap@6e9a5745[
  ContentRole[name=readers,groupIds=[99],inherit=false,allowForAll=false]
  ContentRole[name=authors,inherit=false,allowForAll=false]
  ContentRole[name=administrators,usernames=[rpratap],groupIds=[100],inherit=false,allowForAll=false]
  ContentRole[name=denyReaders,inherit=false,allowForAll=false]
  ContentRole[name=denyAuthors,inherit=false,allowForAll=false]
  ContentRole[name=denyAdministrators,inherit=false,allowForAll=false]
  securityVector=129:SEC_PUBLIC=true,SEC_CREATOR_ADMIN=true,SEC_INH_ADMIN=false,SEC_INH_EDITOR=false,SEC_INH_VIEWER=false,SEC_ALL_ADMIN=false,SEC_ALL_EDITOR=false,SEC_ALL_VIEWER=false
]
2016-08-05 19:35:16.566 DEBUG application 13844 _a-0000dc24-b9e1-8000-9e06-010000010000_14188 Processing reference: ContentRole[name=readers,groupIds=[99],inherit=false,allowForAll=false]
2016-08-05 19:35:16.567 DEBUG group 99 _e-0000dc24-b9d9-8000-9e04-010000010000_99 Begin transport.
2016-08-05 19:35:16.567 DEBUG group 99 _e-0000dc24-b9d9-8000-9e04-010000010000_99 Retrieving object data.
2016-08-05 19:35:16.57 DEBUG group 99 _e-0000dc24-b9d9-8000-9e04-010000010000_99 Setting uuids of object references.
2016-08-05 19:35:16.57 DEBUG group 99 _e-0000dc24-b9d9-8000-9e04-010000010000_99 Processing reference: Role[name=<null>]
2016-08-05 19:35:16.57 DEBUG group 99 _e-0000dc24-b9d9-8000-9e04-010000010000_99 Processing reference: Group.groupTypeId
2016-08-05 19:35:16.571 DEBUG group 99 _e-0000dc24-b9d9-8000-9e04-010000010000_99 Processing reference: Group.parentId
2016-08-05 19:35:16.571 DEBUG group 99 _e-0000dc24-b9d9-8000-9e04-010000010000_99 Processing reference: Group.homePageId
2016-08-05 19:35:16.571 DEBUG group 99 _e-0000dc24-b9d9-8000-9e04-010000010000_99 Processing reference: Role[name=<null>]
2016-08-05 19:35:16.571 DEBUG group 99 _e-0000dc24-b9d9-8000-9e04-010000010000_99 Exporting binary resources.
2016-08-05 19:35:16.571 DEBUG group 99 _e-0000dc24-b9d9-8000-9e04-010000010000_99 Serializing object to XML.
2016-08-05 19:35:16.575 DEBUG group 99 _e-0000dc24-b9d9-8000-9e04-010000010000_99 Object transported.
2016-08-05 19:35:16.575 DEBUG application 13844 _a-0000dc24-b9e1-8000-9e06-010000010000_14188 Processing reference: ContentRole[name=authors,inherit=false,allowForAll=false]
2016-08-05 19:35:16.575 DEBUG application 13844 _a-0000dc24-b9e1-8000-9e06-010000010000_14188 Processing reference: ContentRole[name=administrators,usernames=[rpratap],groupIds=[100],inherit=false,allowForAll=false]
2016-08-05 19:35:16.576 DEBUG group 100 _e-0000dc24-b9d9-8000-9e04-010000010000_100 Begin transport.
2016-08-05 19:35:16.576 DEBUG group 100 _e-0000dc24-b9d9-8000-9e04-010000010000_100 Retrieving object data.
2016-08-05 19:35:16.579 DEBUG group 100 _e-0000dc24-b9d9-8000-9e04-010000010000_100 Setting uuids of object references.
2016-08-05 19:35:16.579 DEBUG group 100 _e-0000dc24-b9d9-8000-9e04-010000010000_100 Processing reference: Role[name=<null>]
2016-08-05 19:35:16.579 DEBUG group 100 _e-0000dc24-b9d9-8000-9e04-010000010000_100 Processing reference: Group.groupTypeId
2016-08-05 19:35:16.58 DEBUG group 100 _e-0000dc24-b9d9-8000-9e04-010000010000_100 Processing reference: Group.parentId
2016-08-05 19:35:16.581 DEBUG group 100 _e-0000dc24-b9d9-8000-9e04-010000010000_100 Processing reference: Group.homePageId
2016-08-05 19:35:16.581 DEBUG group 100 _e-0000dc24-b9d9-8000-9e04-010000010000_100 Processing reference: Role[name=<null>]
2016-08-05 19:35:16.581 DEBUG group 100 _e-0000dc24-b9d9-8000-9e04-010000010000_100 Exporting binary resources.
2016-08-05 19:35:16.581 DEBUG group 100 _e-0000dc24-b9d9-8000-9e04-010000010000_100 Serializing object to XML.
2016-08-05 19:35:16.582 DEBUG group 100 _e-0000dc24-b9d9-8000-9e04-010000010000_100 Object transported.
2016-08-05 19:35:16.582 DEBUG application 13844 _a-0000dc24-b9e1-8000-9e06-010000010000_14188 Processing reference: ContentRole[name=denyReaders,inherit=false,allowForAll=false]
2016-08-05 19:35:16.582 DEBUG application 13844 _a-0000dc24-b9e1-8000-9e06-010000010000_14188 Processing reference: ContentRole[name=denyAuthors,inherit=false,allowForAll=false]
2016-08-05 19:35:16.582 DEBUG application 13844 _a-0000dc24-b9e1-8000-9e06-010000010000_14188 Processing reference: ContentRole[name=denyAdministrators,inherit=false,allowForAll=false]
2016-08-05 19:35:16.582 DEBUG datatype 2998 {urn:com:appian:types}Employee Begin transport.
2016-08-05 19:35:16.582 DEBUG datatype 2998 {urn:com:appian:types}Employee Retrieving object data.
2016-08-05 19:35:16.598 DEBUG datatype 2998 {urn:com:appian:types}Employee Setting uuids of object references.
2016-08-05 19:35:16.601 DEBUG datatype 2998 {urn:com:appian:types}Employee Exporting binary resources.
2016-08-05 19:35:16.601 DEBUG datatype 2998 {urn:com:appian:types}Employee Serializing object to XML.
2016-08-05 19:35:16.602 DEBUG datatype 2998 {urn:com:appian:types}Employee Object transported.
2016-08-05 19:35:16.602 DEBUG datatype 3002 {urn:com:appian:types}Legislator Begin transport.
2016-08-05 19:35:16.602 DEBUG datatype 3002 {urn:com:appian:types}Legislator Retrieving object data.
2016-08-05 19:35:16.608 DEBUG datatype 3002 {urn:com:appian:types}Legislator Setting uuids of object references.
2016-08-05 19:35:16.608 DEBUG datatype 3002 {urn:com:appian:types}Legislator Exporting binary resources.
2016-08-05 19:35:16.608 DEBUG datatype 3002 {urn:com:appian:types}Legislator Serializing object to XML.
2016-08-05 19:35:16.608 DEBUG datatype 3002 {urn:com:appian:types}Legislator Object transported.
2016-08-05 19:35:16.61 DEBUG dataStore 13880 _a-0000dc24-b9e1-8000-9e06-010000010000_14223 Begin transport.
2016-08-05 19:35:16.61 DEBUG dataStore 13880 _a-0000dc24-b9e1-8000-9e06-010000010000_14223 Retrieving object data.
2016-08-05 19:35:16.612 DEBUG dataStore 13880 _a-0000dc24-b9e1-8000-9e06-010000010000_14223 Setting uuids of object references.
2016-08-05 19:35:16.612 DEBUG dataStore 13880 _a-0000dc24-b9e1-8000-9e06-010000010000_14223 Processing reference: datatypeRef[id=1728]
2016-08-05 19:35:16.612 DEBUG dataStore 13880 _a-0000dc24-b9e1-8000-9e06-010000010000_14223 Processing reference: ContentRole[name=administrators,inherit=false,allowForAll=false]
2016-08-05 19:35:16.612 DEBUG dataStore 13880 _a-0000dc24-b9e1-8000-9e06-010000010000_14223 Processing reference: ContentRole[name=authors,inherit=false,allowForAll=false]
2016-08-05 19:35:16.612 DEBUG dataStore 13880 _a-0000dc24-b9e1-8000-9e06-010000010000_14223 Processing reference: ContentRole[name=denyAdministrators,inherit=false,allowForAll=false]
2016-08-05 19:35:16.612 DEBUG dataStore 13880 _a-0000dc24-b9e1-8000-9e06-010000010000_14223 Processing reference: ContentRole[name=denyAuthors,inherit=false,allowForAll=false]
2016-08-05 19:35:16.612 DEBUG dataStore 13880 _a-0000dc24-b9e1-8000-9e06-010000010000_14223 Processing reference: ContentRole[name=denyReaders,inherit=false,allowForAll=false]
2016-08-05 19:35:16.612 DEBUG dataStore 13880 _a-0000dc24-b9e1-8000-9e06-010000010000_14223 Processing reference: ContentRole[name=readers,inherit=false,allowForAll=true]
2016-08-05 19:35:16.612 DEBUG dataStore 13880 _a-0000dc24-b9e1-8000-9e06-010000010000_14223 Exporting binary resources.
2016-08-05 19:35:16.612 DEBUG dataStore 13880 _a-0000dc24-b9e1-8000-9e06-010000010000_14223 Serializing object to XML.
2016-08-05 19:35:16.613 DEBUG dataStore 13880 _a-0000dc24-b9e1-8000-9e06-010000010000_14223 Object transported.
2016-08-05 19:35:16.615 DEBUG content 13859 _a-0000dc24-b9e1-8000-9e06-010000010000_14202 Begin transport.
2016-08-05 19:35:16.615 DEBUG content 13859 _a-0000dc24-b9e1-8000-9e06-010000010000_14202 Retrieving object data.
2016-08-05 19:35:16.622 DEBUG content 13859 _a-0000dc24-b9e1-8000-9e06-010000010000_14202 Setting uuids of object references.
2016-08-05 19:35:16.622 DEBUG content 13859 _a-0000dc24-b9e1-8000-9e06-010000010000_14202 Processing reference: [Content:id=13858,versionId=-1,name=enterComments,description=,type=32,subtype=1,uuid=_a-0000dc24-b9e1-8000-9e06-010000010000_14202,parent=59,parentName=Examples,parentType=2,log=13859,logName=enterComments,state=255,visibility=35,security=15,creator=rpratap,createdTimestamp=2016-01-07 16:24:39.0,updatedTimestamp=2016-01-07 16:24:39.0,size=0,lockedBy=,changesRequireApproval=false,attributes={dep_rules=[Ljava.lang.Long;@7e6ba9fe, system=0, preferredEditor=interface, hidden=0, offlineEnabled=false, ruletype=1, dep_functions=[Ljava.lang.String;@254c9d0b, definition=if(
  ri!displayWhen,
  #"SYSTEM_SYSRULES_paragraphField"(
  label: "Comments",
  labelPosition: "ABOVE",
  value: ri!commentValue,
  saveInto: ri!commentSaveInto,
  refreshAfter: "UNFOCUS",
  required: ri!required,
  readOnly: ri!readOnly,
  validations: {}
  ),
  {}
  ), dep_types=[Ljava.lang.String;@847d5da, parameters=[Lcom.appiancorp.suiteapi.process.TypedVariable;@5d7b99cb, dep_variables=[[Ljava.lang.String;@7e7cefc3},partition=1,partitionName=C:/appian_161a/_admin/accdocs1]
2016-08-05 19:35:16.623 DEBUG content 13859 _a-0000dc24-b9e1-8000-9e06-010000010000_14202 Processing reference: FreeformRule.forum
2016-08-05 19:35:16.624 DEBUG content 13859 _a-0000dc24-b9e1-8000-9e06-010000010000_14202 Processing reference: TypedVariable[name=displayWhen,it=26,v=<null>]
2016-08-05 19:35:16.624 DEBUG content 13859 _a-0000dc24-b9e1-8000-9e06-010000010000_14202 Processing reference: TypedVariable[name=readOnly,it=26,v=<null>]
2016-08-05 19:35:16.624 DEBUG content 13859 _a-0000dc24-b9e1-8000-9e06-010000010000_14202 Processing reference: TypedVariable[name=required,it=26,v=<null>]
2016-08-05 19:35:16.624 DEBUG content 13859 _a-0000dc24-b9e1-8000-9e06-010000010000_14202 Processing reference: TypedVariable[name=commentValue,it=3,v=]
2016-08-05 19:35:16.624 DEBUG content 13859 _a-0000dc24-b9e1-8000-9e06-010000010000_14202 Processing reference: TypedVariable[name=commentSaveInto,it=192,v=]
2016-08-05 19:35:16.624 DEBUG content 13859 _a-0000dc24-b9e1-8000-9e06-010000010000_14202 Processing reference: FreeformRule.parent
2016-08-05 19:35:16.626 DEBUG content 13859 _a-0000dc24-b9e1-8000-9e06-010000010000_14202 Processing reference: com.appiancorp.suiteapi.content.ContentRoleMap@374f32b2[
  ContentRole[name=readers,inherit=true,allowForAll=false]
  ContentRole[name=authors,inherit=true,allowForAll=false]
  ContentRole[name=administrators,inherit=true,allowForAll=false]
  ContentRole[name=denyReaders,inherit=false,allowForAll=false]
  ContentRole[name=denyAuthors,inherit=false,allowForAll=false]
  ContentRole[name=denyAdministrators,inherit=false,allowForAll=false]
  securityVector=15:SEC_PUBLIC=true,SEC_CREATOR_ADMIN=false,SEC_INH_ADMIN=true,SEC_INH_EDITOR=true,SEC_INH_VIEWER=true,SEC_ALL_ADMIN=false,SEC_ALL_EDITOR=false,SEC_ALL_VIEWER=false
]
2016-08-05 19:35:16.626 DEBUG content 13859 _a-0000dc24-b9e1-8000-9e06-010000010000_14202 Processing reference: ContentRole[name=readers,inherit=true,allowForAll=false]
2016-08-05 19:35:16.626 DEBUG content 13859 _a-0000dc24-b9e1-8000-9e06-010000010000_14202 Processing reference: ContentRole[name=authors,inherit=true,allowForAll=false]
2016-08-05 19:35:16.626 DEBUG content 13859 _a-0000dc24-b9e1-8000-9e06-010000010000_14202 Processing reference: ContentRole[name=administrators,inherit=true,allowForAll=false]
2016-08-05 19:35:16.626 DEBUG content 13859 _a-0000dc24-b9e1-8000-9e06-010000010000_14202 Processing reference: ContentRole[name=denyReaders,inherit=false,allowForAll=false]
2016-08-05 19:35:16.626 DEBUG content 13859 _a-0000dc24-b9e1-8000-9e06-010000010000_14202 Processing reference: ContentRole[name=denyAuthors,inherit=false,allowForAll=false]
2016-08-05 19:35:16.626 DEBUG content 13859 _a-0000dc24-b9e1-8000-9e06-010000010000_14202 Processing reference: ContentRole[name=denyAdministrators,inherit=false,allowForAll=false]
2016-08-05 19:35:16.627 DEBUG content 13859 _a-0000dc24-b9e1-8000-9e06-010000010000_14202 Exporting binary resources.
2016-08-05 19:35:16.627 DEBUG content 13859 _a-0000dc24-b9e1-8000-9e06-010000010000_14202 Serializing object to XML.
2016-08-05 19:35:16.64 DEBUG content 13859 _a-0000dc24-b9e1-8000-9e06-010000010000_14202 Object transported.
2016-08-05 19:35:16.64 DEBUG content 13873 _a-0000dc24-b9e1-8000-9e06-010000010000_14217 Begin transport.
2016-08-05 19:35:16.64 DEBUG content 13873 _a-0000dc24-b9e1-8000-9e06-010000010000_14217 Retrieving object data.
2016-08-05 19:35:16.642 DEBUG content 13873 _a-0000dc24-b9e1-8000-9e06-010000010000_14217 Setting uuids of object references.
2016-08-05 19:35:16.642 DEBUG content 13873 _a-0000dc24-b9e1-8000-9e06-010000010000_14217 Processing reference: [Content:id=13873,versionId=-1,name=My_Task_Report,description=Test,type=32,subtype=0,uuid=_a-0000dc24-b9e1-8000-9e06-010000010000_14217,parent=59,parentName=Examples,parentType=2,log=13873,logName=My_Task_Report,state=255,visibility=35,security=15,creator=rpratap,createdTimestamp=2016-01-07 20:33:04.0,updatedTimestamp=2016-01-07 20:33:04.0,size=0,lockedBy=,changesRequireApproval=false,attributes={system=0, hidden=0, ruletype=0, multiple=0, value=null, returnType=13},partition=3,partitionName=C:/appian_161a/_admin/accdocs3]
2016-08-05 19:35:16.642 DEBUG content 13873 _a-0000dc24-b9e1-8000-9e06-010000010000_14217 Processing reference: Constant.forum
2016-08-05 19:35:16.643 DEBUG content 13873 _a-0000dc24-b9e1-8000-9e06-010000010000_14217 Processing reference: Constant.parent
2016-08-05 19:35:16.644 DEBUG content 13873 _a-0000dc24-b9e1-8000-9e06-010000010000_14217 Processing reference: com.appiancorp.suiteapi.content.ContentRoleMap@37a2fda9[
  ContentRole[name=readers,inherit=true,allowForAll=false]
  ContentRole[name=authors,inherit=true,allowForAll=false]
  ContentRole[name=administrators,inherit=true,allowForAll=false]
  ContentRole[name=denyReaders,inherit=false,allowForAll=false]
  ContentRole[name=denyAuthors,inherit=false,allowForAll=false]
  ContentRole[name=denyAdministrators,inherit=false,allowForAll=false]
  securityVector=15:SEC_PUBLIC=true,SEC_CREATOR_ADMIN=false,SEC_INH_ADMIN=true,SEC_INH_EDITOR=true,SEC_INH_VIEWER=true,SEC_ALL_ADMIN=false,SEC_ALL_EDITOR=false,SEC_ALL_VIEWER=false
]
2016-08-05 19:35:16.644 DEBUG content 13873 _a-0000dc24-b9e1-8000-9e06-010000010000_14217 Processing reference: ContentRole[name=readers,inherit=true,allowForAll=false]
2016-08-05 19:35:16.644 DEBUG content 13873 _a-0000dc24-b9e1-8000-9e06-010000010000_14217 Processing reference: ContentRole[name=authors,inherit=true,allowForAll=false]
2016-08-05 19:35:16.644 DEBUG content 13873 _a-0000dc24-b9e1-8000-9e06-010000010000_14217 Processing reference: ContentRole[name=administrators,inherit=true,allowForAll=false]
2016-08-05 19:35:16.644 DEBUG content 13873 _a-0000dc24-b9e1-8000-9e06-010000010000_14217 Processing reference: ContentRole[name=denyReaders,inherit=false,allowForAll=false]
2016-08-05 19:35:16.644 DEBUG content 13873 _a-0000dc24-b9e1-8000-9e06-010000010000_14217 Processing reference: ContentRole[name=denyAuthors,inherit=false,allowForAll=false]
2016-08-05 19:35:16.644 DEBUG content 13873 _a-0000dc24-b9e1-8000-9e06-010000010000_14217 Processing reference: ContentRole[name=denyAdministrators,inherit=false,allowForAll=false]
2016-08-05 19:35:16.644 DEBUG content 13873 _a-0000dc24-b9e1-8000-9e06-010000010000_14217 Exporting binary resources.
2016-08-05 19:35:16.644 DEBUG content 13873 _a-0000dc24-b9e1-8000-9e06-010000010000_14217 Serializing object to XML.
2016-08-05 19:35:16.646 DEBUG content 13873 _a-0000dc24-b9e1-8000-9e06-010000010000_14217 Object transported.
2016-08-05 19:35:16.646 DEBUG content 13876 _a-0000dc24-b9e1-8000-9e06-010000010000_14218 Begin transport.
2016-08-05 19:35:16.646 DEBUG content 13876 _a-0000dc24-b9e1-8000-9e06-010000010000_14218 Retrieving object data.
2016-08-05 19:35:16.651 DEBUG content 13876 _a-0000dc24-b9e1-8000-9e06-010000010000_14218 Setting uuids of object references.
2016-08-05 19:35:16.651 DEBUG content 13876 _a-0000dc24-b9e1-8000-9e06-010000010000_14218 Processing reference: [Content:id=13874,versionId=-1,name=AT_myTaskReport,description=for My_Task_Report constant ,type=32,subtype=1,uuid=_a-0000dc24-b9e1-8000-9e06-010000010000_14218,parent=59,parentName=Examples,parentType=2,log=13876,logName=AT_myTaskReport,state=255,visibility=35,security=15,creator=rpratap,createdTimestamp=2016-01-07 20:37:49.0,updatedTimestamp=2016-01-07 20:37:50.0,size=0,lockedBy=,changesRequireApproval=false,attributes={dep_rules=[Ljava.lang.Long;@1a9e7c37, system=0, preferredEditor=interface, hidden=0, offlineEnabled=false, ruletype=1, dep_functions=[Ljava.lang.String;@55249d9b, definition=load(
  local!pagingInfo: #"SYSTEM_SYSRULES_pagingInfo"(startIndex: 1, batchSize: 5),
  with(
    local!report: a!queryProcessAnalytics(
      report: cons!MY_TASKS_REPORT,
      query: #"SYSTEM_SYSRULES_query"(pagingInfo: local!pagingInfo)
    ),
    #"SYSTEM_SYSRULES_gridField"(
      label: local!report.name,
      instructions: local!report.description,
      totalCount: local!report.totalCount,
      columns: {
        #"SYSTEM_SYSRULES_gridTextColumn"(
          label: local!report.columnConfigs[1].label,
          field: local!report.columnConfigs[1].field,
          data: index(local!report.data, "c0", {})
        ),
        #"SYSTEM_SYSRULES_gridTextColumn"(
          label: local!report.columnConfigs[4].label,
          field: local!report.columnConfigs[4].field,
          data: index(local!report.data, "c3", {})
        ),
        #"SYSTEM_SYSRULES_gridTextColumn"(
          label: local!report.columnConfigs[5].label,
          field: local!report.columnConfigs[5].field,
          data: index(local!report.data, "c5", {})
        )
      },
      value: local!pagingInfo,
      saveInto: local!pagingInfo
    )
  )
), dep_types=[Ljava.lang.String;@5cac50cc, parameters=[Lcom.appiancorp.suiteapi.process.TypedVariable;@78c58524, dep_variables=[[Ljava.lang.String;@115321cf},partition=3,partitionName=C:/appian_161a/_admin/accdocs3]
2016-08-05 19:35:16.653 DEBUG content 13876 _a-0000dc24-b9e1-8000-9e06-010000010000_14218 Processing reference: FreeformRule.forum
2016-08-05 19:35:16.653 DEBUG content 13876 _a-0000dc24-b9e1-8000-9e06-010000010000_14218 Processing reference: FreeformRule.parent
2016-08-05 19:35:16.654 DEBUG content 13876 _a-0000dc24-b9e1-8000-9e06-010000010000_14218 Processing reference: com.appiancorp.suiteapi.content.ContentRoleMap@7b0bdf41[
  ContentRole[name=readers,inherit=true,allowForAll=false]
  ContentRole[name=authors,inherit=true,allowForAll=false]
  ContentRole[name=administrators,inherit=true,allowForAll=false]
  ContentRole[name=denyReaders,inherit=false,allowForAll=false]
  ContentRole[name=denyAuthors,inherit=false,allowForAll=false]
  ContentRole[name=denyAdministrators,inherit=false,allowForAll=false]
  securityVector=15:SEC_PUBLIC=true,SEC_CREATOR_ADMIN=false,SEC_INH_ADMIN=true,SEC_INH_EDITOR=true,SEC_INH_VIEWER=true,SEC_ALL_ADMIN=false,SEC_ALL_EDITOR=false,SEC_ALL_VIEWER=false
]
2016-08-05 19:35:16.654 DEBUG content 13876 _a-0000dc24-b9e1-8000-9e06-010000010000_14218 Processing reference: ContentRole[name=readers,inherit=true,allowForAll=false]
2016-08-05 19:35:16.654 DEBUG content 13876 _a-0000dc24-b9e1-8000-9e06-010000010000_14218 Processing reference: ContentRole[name=authors,inherit=true,allowForAll=false]
2016-08-05 19:35:16.654 DEBUG content 13876 _a-0000dc24-b9e1-8000-9e06-010000010000_14218 Processing reference: ContentRole[name=administrators,inherit=true,allowForAll=false]
2016-08-05 19:35:16.654 DEBUG content 13876 _a-0000dc24-b9e1-8000-9e06-010000010000_14218 Processing reference: ContentRole[name=denyReaders,inherit=false,allowForAll=false]
2016-08-05 19:35:16.654 DEBUG content 13876 _a-0000dc24-b9e1-8000-9e06-010000010000_14218 Processing reference: ContentRole[name=denyAuthors,inherit=false,allowForAll=false]
2016-08-05 19:35:16.654 DEBUG content 13876 _a-0000dc24-b9e1-8000-9e06-010000010000_14218 Processing reference: ContentRole[name=denyAdministrators,inherit=false,allowForAll=false]
2016-08-05 19:35:16.655 DEBUG content 13876 _a-0000dc24-b9e1-8000-9e06-010000010000_14218 Exporting binary resources.
2016-08-05 19:35:16.655 DEBUG content 13876 _a-0000dc24-b9e1-8000-9e06-010000010000_14218 Serializing object to XML.
2016-08-05 19:35:16.657 DEBUG content 13876 _a-0000dc24-b9e1-8000-9e06-010000010000_14218 Object transported.
2016-08-05 19:35:16.657 DEBUG content 13888 _a-0000dc24-b9e1-8000-9e06-010000010000_14226 Begin transport.
2016-08-05 19:35:16.657 DEBUG content 13888 _a-0000dc24-b9e1-8000-9e06-010000010000_14226 Retrieving object data.
2016-08-05 19:35:16.663 DEBUG content 13888 _a-0000dc24-b9e1-8000-9e06-010000010000_14226 Setting uuids of object references.
2016-08-05 19:35:16.663 DEBUG content 13888 _a-0000dc24-b9e1-8000-9e06-010000010000_14226 Processing reference: [Content:id=13882,versionId=-1,name=expenseReportForm,description=This is a sample interface,type=32,subtype=1,uuid=_a-0000dc24-b9e1-8000-9e06-010000010000_14226,parent=59,parentName=Examples,parentType=2,log=13888,logName=expenseReportForm,state=255,visibility=35,security=15,creator=rpratap,createdTimestamp=2016-01-08 15:10:50.0,updatedTimestamp=2016-01-08 15:10:50.0,size=0,lockedBy=,changesRequireApproval=false,attributes={dep_rules=[Ljava.lang.Long;@56214ac2, system=0, preferredEditor=interface, hidden=0, offlineEnabled=false, ruletype=1, dep_functions=[Ljava.lang.String;@6da299a9, definition=load(
  local!readOnly: ri!step="APPROVAL",
  #"SYSTEM_SYSRULES_formLayout"(
    label: "Submit Expense Report",
    firstColumnContents: {
      #"SYSTEM_SYSRULES_textField"(
        label: "Expense Item",
        labelPosition: "ABOVE",
        value: ri!expenseItem,
        saveInto: ri!expenseItem,
        refreshAfter: "UNFOCUS",
        required: not(local!readOnly),
        readOnly: local!readOnly,
        validations: {},
        align: "LEFT"
      ),
      #"SYSTEM_SYSRULES_dateField"(
        label: "Expense Date",
        labelPosition: "ABOVE",
        value: ri!expenseDate,
        saveInto: ri!expenseDate,
        required: not(local!readOnly),
        readOnly: local!readOnly,
        validations: {},
        align: "LEFT"
      ),
      #"SYSTEM_SYSRULES_floatingPointField"(
        label: "Expense Amount",
        labelPosition: "ABOVE",
        value: ri!expenseAmount,
        saveInto: ri!expenseAmount,
        refreshAfter: "UNFOCUS",
        required: not(local!readOnly),
        readOnly: local!readOnly,
        validations: {},
        align: "LEFT"
      ),
      #"_a-0000dc24-b9e1-8000-9e06-010000010000_14202"(
        displayWhen: ri!expenseAmount >= 100,
        readOnly: local!readOnly,
        required: not(local!readOnly),
        commentValue: ri!comments,
        commentSaveInto: ri!comments
      ),
      if(
        local!readOnly,
        #"SYSTEM_SYSRULES_radioButtonField"(
          labelPosition: "COLLAPSED",
          choiceLabels: {"Approve", "Reject"},
          choiceValues: {true, false},
          value: ri!approve,
          saveInto: ri!approve,
          required: true
        ),
        {}
      )
    },
    secondColumnContents: {},
    buttons: #"SYSTEM_SYSRULES_ButtonLayout"(
      primaryButtons: {
        #"SYSTEM_SYSRULES_ButtonWidgetSubmit"(
          label: "Submit",
          style: "PRIMARY"
        )
      },
      secondarybuttons: {
        #"SYSTEM_SYSRULES_ButtonWidgetSubmit"(
          label: "Cancel",
          style: "NORMAL",
          value: true,
          saveInto: ri!cancel,
          skipvalidation: true
        )
      }
    )
  )
), dep_types=[Ljava.lang.String;@5084100d, parameters=[Lcom.appiancorp.suiteapi.process.TypedVariable;@191dbb91, dep_variables=[[Ljava.lang.String;@4536852a},partition=3,partitionName=C:/appian_161a/_admin/accdocs3]
2016-08-05 19:35:16.667 DEBUG content 13888 _a-0000dc24-b9e1-8000-9e06-010000010000_14226 Processing reference: FreeformRule.forum
2016-08-05 19:35:16.667 DEBUG content 13888 _a-0000dc24-b9e1-8000-9e06-010000010000_14226 Processing reference: TypedVariable[name=expenseItem,it=3,v=]
2016-08-05 19:35:16.667 DEBUG content 13888 _a-0000dc24-b9e1-8000-9e06-010000010000_14226 Processing reference: TypedVariable[name=expenseDate,it=7,v=<null>]
2016-08-05 19:35:16.667 DEBUG content 13888 _a-0000dc24-b9e1-8000-9e06-010000010000_14226 Processing reference: TypedVariable[name=expenseAmount,it=2,v=<null>]
2016-08-05 19:35:16.668 DEBUG content 13888 _a-0000dc24-b9e1-8000-9e06-010000010000_14226 Processing reference: TypedVariable[name=cancel,it=26,v=<null>]
2016-08-05 19:35:16.668 DEBUG content 13888 _a-0000dc24-b9e1-8000-9e06-010000010000_14226 Processing reference: TypedVariable[name=comments,it=3,v=]
2016-08-05 19:35:16.668 DEBUG content 13888 _a-0000dc24-b9e1-8000-9e06-010000010000_14226 Processing reference: TypedVariable[name=step,it=3,v=]
2016-08-05 19:35:16.668 DEBUG content 13888 _a-0000dc24-b9e1-8000-9e06-010000010000_14226 Processing reference: TypedVariable[name=approve,it=26,v=<null>]
2016-08-05 19:35:16.668 DEBUG content 13888 _a-0000dc24-b9e1-8000-9e06-010000010000_14226 Processing reference: FreeformRule.parent
2016-08-05 19:35:16.669 DEBUG content 13888 _a-0000dc24-b9e1-8000-9e06-010000010000_14226 Processing reference: com.appiancorp.suiteapi.content.ContentRoleMap@1be8a3be[
  ContentRole[name=readers,inherit=true,allowForAll=false]
  ContentRole[name=authors,inherit=true,allowForAll=false]
  ContentRole[name=administrators,inherit=true,allowForAll=false]
  ContentRole[name=denyReaders,inherit=false,allowForAll=false]
  ContentRole[name=denyAuthors,inherit=false,allowForAll=false]
  ContentRole[name=denyAdministrators,inherit=false,allowForAll=false]
  securityVector=15:SEC_PUBLIC=true,SEC_CREATOR_ADMIN=false,SEC_INH_ADMIN=true,SEC_INH_EDITOR=true,SEC_INH_VIEWER=true,SEC_ALL_ADMIN=false,SEC_ALL_EDITOR=false,SEC_ALL_VIEWER=false
]
2016-08-05 19:35:16.669 DEBUG content 13888 _a-0000dc24-b9e1-8000-9e06-010000010000_14226 Processing reference: ContentRole[name=readers,inherit=true,allowForAll=false]
2016-08-05 19:35:16.669 DEBUG content 13888 _a-0000dc24-b9e1-8000-9e06-010000010000_14226 Processing reference: ContentRole[name=authors,inherit=true,allowForAll=false]
2016-08-05 19:35:16.669 DEBUG content 13888 _a-0000dc24-b9e1-8000-9e06-010000010000_14226 Processing reference: ContentRole[name=administrators,inherit=true,allowForAll=false]
2016-08-05 19:35:16.669 DEBUG content 13888 _a-0000dc24-b9e1-8000-9e06-010000010000_14226 Processing reference: ContentRole[name=denyReaders,inherit=false,allowForAll=false]
2016-08-05 19:35:16.669 DEBUG content 13888 _a-0000dc24-b9e1-8000-9e06-010000010000_14226 Processing reference: ContentRole[name=denyAuthors,inherit=false,allowForAll=false]
2016-08-05 19:35:16.669 DEBUG content 13888 _a-0000dc24-b9e1-8000-9e06-010000010000_14226 Processing reference: ContentRole[name=denyAdministrators,inherit=false,allowForAll=false]
2016-08-05 19:35:16.67 DEBUG content 13888 _a-0000dc24-b9e1-8000-9e06-010000010000_14226 Exporting binary resources.
2016-08-05 19:35:16.67 DEBUG content 13888 _a-0000dc24-b9e1-8000-9e06-010000010000_14226 Serializing object to XML.
2016-08-05 19:35:16.679 DEBUG content 13888 _a-0000dc24-b9e1-8000-9e06-010000010000_14226 Object transported.
2016-08-05 19:35:16.68 DEBUG processModelFolder 53 _g-0000dc24-b9e3-8000-9e06-010000010000_53 Begin transport.
2016-08-05 19:35:16.68 DEBUG processModelFolder 53 _g-0000dc24-b9e3-8000-9e06-010000010000_53 Retrieving object data.
2016-08-05 19:35:16.682 DEBUG processModelFolder 53 _g-0000dc24-b9e3-8000-9e06-010000010000_53 Setting uuids of object references.
2016-08-05 19:35:16.682 DEBUG processModelFolder 53 _g-0000dc24-b9e3-8000-9e06-010000010000_53 Processing reference: ProcessModelFolder.parentFolderId
2016-08-05 19:35:16.683 DEBUG processModelFolder 53 _g-0000dc24-b9e3-8000-9e06-010000010000_53 Processing reference: com.appiancorp.suiteapi.process.ProcessRoleMap@20b908e6[
  Role[name=ADMIN_OWNER]
  Role[name=EDITOR]
  Role[name=EXPLICIT_NONMEMBER]
  Role[name=VIEWER]
  Role[name=MANAGER]
  Role[name=INITIATOR]
]
2016-08-05 19:35:16.683 DEBUG processModelFolder 53 _g-0000dc24-b9e3-8000-9e06-010000010000_53 Processing reference: Role[name=ADMIN_OWNER]
2016-08-05 19:35:16.683 DEBUG processModelFolder 53 _g-0000dc24-b9e3-8000-9e06-010000010000_53 Processing reference: Role[name=EDITOR]
2016-08-05 19:35:16.683 DEBUG processModelFolder 53 _g-0000dc24-b9e3-8000-9e06-010000010000_53 Processing reference: Role[name=EXPLICIT_NONMEMBER]
2016-08-05 19:35:16.683 DEBUG processModelFolder 53 _g-0000dc24-b9e3-8000-9e06-010000010000_53 Processing reference: Role[name=VIEWER]
2016-08-05 19:35:16.683 DEBUG processModelFolder 53 _g-0000dc24-b9e3-8000-9e06-010000010000_53 Processing reference: Role[name=MANAGER]
2016-08-05 19:35:16.683 DEBUG processModelFolder 53 _g-0000dc24-b9e3-8000-9e06-010000010000_53 Processing reference: Role[name=INITIATOR]
2016-08-05 19:35:16.683 DEBUG processModelFolder 53 _g-0000dc24-b9e3-8000-9e06-010000010000_53 Exporting binary resources.
2016-08-05 19:35:16.683 DEBUG processModelFolder 53 _g-0000dc24-b9e3-8000-9e06-010000010000_53 Serializing object to XML.
2016-08-05 19:35:16.683 DEBUG processModelFolder 53 _g-0000dc24-b9e3-8000-9e06-010000010000_53 Object transported.
2016-08-05 19:35:16.684 DEBUG processModel 1410 0002dc4b-887c-8000-9e06-010000010000 Begin transport.
2016-08-05 19:35:16.684 DEBUG processModel 1410 0002dc4b-887c-8000-9e06-010000010000 Retrieving object data.
2016-08-05 19:35:16.702 DEBUG processModel 1410 0002dc4b-887c-8000-9e06-010000010000 Setting uuids of object references.
2016-08-05 19:35:16.703 DEBUG processModel 1410 0002dc4b-887c-8000-9e06-010000010000 Processing reference: ProcessModelHaul.folderId
2016-08-05 19:35:16.703 DEBUG processModel 1410 0002dc4b-887c-8000-9e06-010000010000 Processing reference: ProcessModelHaul.modelDashboardPageId
2016-08-05 19:35:16.703 DEBUG processModel 1410 0002dc4b-887c-8000-9e06-010000010000 Processing reference: ProcessModelHaul.processDashboardPageId
2016-08-05 19:35:16.703 DEBUG processModel 1410 0002dc4b-887c-8000-9e06-010000010000 Processing reference: ProcessModel.emailAttachmentFolderId
2016-08-05 19:35:16.705 DEBUG processModel 1410 0002dc4b-887c-8000-9e06-010000010000 Processing reference: InternalForm.docId
2016-08-05 19:35:16.705 DEBUG processModel 1410 0002dc4b-887c-8000-9e06-010000010000 Processing reference: ActivityClassParameter[name=pmID,it=23,v=<null>]
2016-08-05 19:35:16.705 DEBUG processModel 1410 0002dc4b-887c-8000-9e06-010000010000 Processing reference: ActivityClassParameter[name=inMap,it=111,v={}]
2016-08-05 19:35:16.705 DEBUG processModel 1410 0002dc4b-887c-8000-9e06-010000010000 Processing reference: ActivityClassParameter[name=procInheritsPriority,it=1,v=1]
2016-08-05 19:35:16.705 DEBUG processModel 1410 0002dc4b-887c-8000-9e06-010000010000 Processing reference: ActivityClassParameter[name=pmUUID,it=3,v=]
2016-08-05 19:35:16.706 DEBUG processModel 1410 0002dc4b-887c-8000-9e06-010000010000 Processing reference: ActivityClassParameter[name=isAsynchronous,it=26,v=1]
2016-08-05 19:35:16.706 DEBUG processModel 1410 0002dc4b-887c-8000-9e06-010000010000 Processing reference: ActivityClassParameter[name=isTransparent,it=26,v=1]
2016-08-05 19:35:16.706 DEBUG processModel 1410 0002dc4b-887c-8000-9e06-010000010000 Processing reference: ActivityClassParameter[name=inheritSecurity,it=26,v=0]
2016-08-05 19:35:16.706 DEBUG processModel 1410 0002dc4b-887c-8000-9e06-010000010000 Processing reference: com.appiancorp.suiteapi.process.ProcessRoleMap@7d798828[
  Role[name=ADMIN_OWNER,groupIds=[100]]
  Role[name=EDITOR]
  Role[name=EXPLICIT_NONMEMBER]
  Role[name=VIEWER,groupIds=[99]]
  Role[name=MANAGER]
  Role[name=INITIATOR]
]
2016-08-05 19:35:16.706 DEBUG processModel 1410 0002dc4b-887c-8000-9e06-010000010000 Processing reference: Role[name=ADMIN_OWNER,groupIds=[100]]
2016-08-05 19:35:16.707 DEBUG processModel 1410 0002dc4b-887c-8000-9e06-010000010000 Processing reference: Role[name=EDITOR]
2016-08-05 19:35:16.707 DEBUG processModel 1410 0002dc4b-887c-8000-9e06-010000010000 Processing reference: Role[name=EXPLICIT_NONMEMBER]
2016-08-05 19:35:16.707 DEBUG processModel 1410 0002dc4b-887c-8000-9e06-010000010000 Processing reference: Role[name=VIEWER,groupIds=[99]]
2016-08-05 19:35:16.707 DEBUG processModel 1410 0002dc4b-887c-8000-9e06-010000010000 Processing reference: Role[name=MANAGER]
2016-08-05 19:35:16.707 DEBUG processModel 1410 0002dc4b-887c-8000-9e06-010000010000 Processing reference: Role[name=INITIATOR]
2016-08-05 19:35:16.707 DEBUG processModel 1410 0002dc4b-887c-8000-9e06-010000010000 Exporting binary resources.
2016-08-05 19:35:16.707 DEBUG processModel 1410 0002dc4b-887c-8000-9e06-010000010000 Serializing object to XML.
2016-08-05 19:35:16.714 DEBUG processModel 1410 0002dc4b-887c-8000-9e06-010000010000 Object transported.
2016-08-05 19:35:16.714 DEBUG processModel 1413 0002dc4b-8b1f-8000-9e06-010000010000 Begin transport.
2016-08-05 19:35:16.714 DEBUG processModel 1413 0002dc4b-8b1f-8000-9e06-010000010000 Retrieving object data.
2016-08-05 19:35:16.736 DEBUG processModel 1413 0002dc4b-8b1f-8000-9e06-010000010000 Setting uuids of object references.
2016-08-05 19:35:16.736 DEBUG processModel 1413 0002dc4b-8b1f-8000-9e06-010000010000 Processing reference: ProcessModelHaul.folderId
2016-08-05 19:35:16.736 DEBUG processModel 1413 0002dc4b-8b1f-8000-9e06-010000010000 Processing reference: ProcessModelHaul.modelDashboardPageId
2016-08-05 19:35:16.736 DEBUG processModel 1413 0002dc4b-8b1f-8000-9e06-010000010000 Processing reference: ProcessModelHaul.processDashboardPageId
2016-08-05 19:35:16.736 DEBUG processModel 1413 0002dc4b-8b1f-8000-9e06-010000010000 Processing reference: ProcessModel.emailAttachmentFolderId
2016-08-05 19:35:16.737 DEBUG processModel 1413 0002dc4b-8b1f-8000-9e06-010000010000 Processing reference: FormElement[label=Question1]
2016-08-05 19:35:16.738 DEBUG processModel 1413 0002dc4b-8b1f-8000-9e06-010000010000 Processing reference: FormElement[label=Question2]
2016-08-05 19:35:16.738 DEBUG processModel 1413 0002dc4b-8b1f-8000-9e06-010000010000 Processing reference: FormElement[label=Question3]
2016-08-05 19:35:16.738 DEBUG processModel 1413 0002dc4b-8b1f-8000-9e06-010000010000 Processing reference: FormElement[label=Question4]
2016-08-05 19:35:16.738 DEBUG processModel 1413 0002dc4b-8b1f-8000-9e06-010000010000 Processing reference: FormElement[label=Question5]
2016-08-05 19:35:16.738 DEBUG processModel 1413 0002dc4b-8b1f-8000-9e06-010000010000 Processing reference: InternalForm.docId
2016-08-05 19:35:16.739 DEBUG processModel 1413 0002dc4b-8b1f-8000-9e06-010000010000 Processing reference: ActivityClassParameter[name=pmID,it=23,v=<null>]
2016-08-05 19:35:16.739 DEBUG processModel 1413 0002dc4b-8b1f-8000-9e06-010000010000 Processing reference: ActivityClassParameter[name=inMap,it=111,v={}]
2016-08-05 19:35:16.739 DEBUG processModel 1413 0002dc4b-8b1f-8000-9e06-010000010000 Processing reference: ActivityClassParameter[name=procInheritsPriority,it=1,v=1]
2016-08-05 19:35:16.739 DEBUG processModel 1413 0002dc4b-8b1f-8000-9e06-010000010000 Processing reference: ActivityClassParameter[name=pmUUID,it=3,v=]
2016-08-05 19:35:16.739 DEBUG processModel 1413 0002dc4b-8b1f-8000-9e06-010000010000 Processing reference: ActivityClassParameter[name=isAsynchronous,it=26,v=1]
2016-08-05 19:35:16.739 DEBUG processModel 1413 0002dc4b-8b1f-8000-9e06-010000010000 Processing reference: ActivityClassParameter[name=isTransparent,it=26,v=1]
2016-08-05 19:35:16.739 DEBUG processModel 1413 0002dc4b-8b1f-8000-9e06-010000010000 Processing reference: ActivityClassParameter[name=inheritSecurity,it=26,v=0]
2016-08-05 19:35:16.739 DEBUG processModel 1413 0002dc4b-8b1f-8000-9e06-010000010000 Processing reference: ProcessVariable[name=cancel,it=26,v=<null>]
2016-08-05 19:35:16.739 DEBUG processModel 1413 0002dc4b-8b1f-8000-9e06-010000010000 Processing reference: ProcessVariable[name=comments,it=3,v=]
2016-08-05 19:35:16.739 DEBUG processModel 1413 0002dc4b-8b1f-8000-9e06-010000010000 Processing reference: ProcessVariable[name=expenseAmount,it=2,v=0.0]
2016-08-05 19:35:16.739 DEBUG processModel 1413 0002dc4b-8b1f-8000-9e06-010000010000 Processing reference: ProcessVariable[name=expenseDate,it=7,v=<null>]
2016-08-05 19:35:16.74 DEBUG processModel 1413 0002dc4b-8b1f-8000-9e06-010000010000 Processing reference: ProcessVariable[name=expenseItem,it=3,v=]
2016-08-05 19:35:16.74 DEBUG processModel 1413 0002dc4b-8b1f-8000-9e06-010000010000 Processing reference: com.appiancorp.suiteapi.process.ProcessRoleMap@23fddd9[
  Role[name=ADMIN_OWNER]
  Role[name=EDITOR]
  Role[name=EXPLICIT_NONMEMBER]
  Role[name=VIEWER]
  Role[name=MANAGER]
  Role[name=INITIATOR]
]
2016-08-05 19:35:16.74 DEBUG processModel 1413 0002dc4b-8b1f-8000-9e06-010000010000 Processing reference: Role[name=ADMIN_OWNER]
2016-08-05 19:35:16.74 DEBUG processModel 1413 0002dc4b-8b1f-8000-9e06-010000010000 Processing reference: Role[name=EDITOR]
2016-08-05 19:35:16.74 DEBUG processModel 1413 0002dc4b-8b1f-8000-9e06-010000010000 Processing reference: Role[name=EXPLICIT_NONMEMBER]
2016-08-05 19:35:16.74 DEBUG processModel 1413 0002dc4b-8b1f-8000-9e06-010000010000 Processing reference: Role[name=VIEWER]
2016-08-05 19:35:16.74 DEBUG processModel 1413 0002dc4b-8b1f-8000-9e06-010000010000 Processing reference: Role[name=MANAGER]
2016-08-05 19:35:16.74 DEBUG processModel 1413 0002dc4b-8b1f-8000-9e06-010000010000 Processing reference: Role[name=INITIATOR]
2016-08-05 19:35:16.74 DEBUG processModel 1413 0002dc4b-8b1f-8000-9e06-010000010000 Exporting binary resources.
2016-08-05 19:35:16.74 DEBUG processModel 1413 0002dc4b-8b1f-8000-9e06-010000010000 Serializing object to XML.
2016-08-05 19:35:16.746 DEBUG processModel 1413 0002dc4b-8b1f-8000-9e06-010000010000 Object transported.
2016-08-05 19:35:16.746 DEBUG processModel 157 0002d9df-bcfb-8000-9e06-010000010000 Begin transport.
2016-08-05 19:35:16.746 DEBUG processModel 157 0002d9df-bcfb-8000-9e06-010000010000 Retrieving object data.
2016-08-05 19:35:16.798 DEBUG processModel 157 0002d9df-bcfb-8000-9e06-010000010000 Setting uuids of object references.
2016-08-05 19:35:16.798 DEBUG processModel 157 0002d9df-bcfb-8000-9e06-010000010000 Processing reference: ProcessModelHaul.folderId
2016-08-05 19:35:16.799 DEBUG processModel 157 0002d9df-bcfb-8000-9e06-010000010000 Processing reference: ProcessModelHaul.modelDashboardPageId
2016-08-05 19:35:16.799 DEBUG processModel 157 0002d9df-bcfb-8000-9e06-010000010000 Processing reference: ProcessModelHaul.processDashboardPageId
2016-08-05 19:35:16.799 DEBUG processModel 157 0002d9df-bcfb-8000-9e06-010000010000 Processing reference: ProcessModel.emailAttachmentFolderId
2016-08-05 19:35:16.801 DEBUG processModel 157 0002d9df-bcfb-8000-9e06-010000010000 Processing reference: FormElement[label=Question1]
2016-08-05 19:35:16.801 DEBUG processModel 157 0002d9df-bcfb-8000-9e06-010000010000 Processing reference: FormElement[label=Question2]
2016-08-05 19:35:16.801 DEBUG processModel 157 0002d9df-bcfb-8000-9e06-010000010000 Processing reference: FormElement[label=Question3]
2016-08-05 19:35:16.801 DEBUG processModel 157 0002d9df-bcfb-8000-9e06-010000010000 Processing reference: InternalForm.docId
2016-08-05 19:35:16.802 DEBUG processModel 157 0002d9df-bcfb-8000-9e06-010000010000 Processing reference: ActivityClassParameter[name=pmID,it=23,v=<null>]
2016-08-05 19:35:16.802 DEBUG processModel 157 0002d9df-bcfb-8000-9e06-010000010000 Processing reference: ActivityClassParameter[name=inMap,it=111,v={}]
2016-08-05 19:35:16.802 DEBUG processModel 157 0002d9df-bcfb-8000-9e06-010000010000 Processing reference: ActivityClassParameter[name=procInheritsPriority,it=1,v=1]
2016-08-05 19:35:16.802 DEBUG processModel 157 0002d9df-bcfb-8000-9e06-010000010000 Processing reference: ActivityClassParameter[name=pmUUID,it=3,v=]
2016-08-05 19:35:16.802 DEBUG processModel 157 0002d9df-bcfb-8000-9e06-010000010000 Processing reference: ActivityClassParameter[name=isAsynchronous,it=26,v=1]
2016-08-05 19:35:16.802 DEBUG processModel 157 0002d9df-bcfb-8000-9e06-010000010000 Processing reference: ActivityClassParameter[name=isTransparent,it=26,v=1]
2016-08-05 19:35:16.802 DEBUG processModel 157 0002d9df-bcfb-8000-9e06-010000010000 Processing reference: ActivityClassParameter[name=inheritSecurity,it=26,v=0]
2016-08-05 19:35:16.802 DEBUG processModel 157 0002d9df-bcfb-8000-9e06-010000010000 Processing reference: ActivityClassParameter[name=approve,it=26,v=<null>]
2016-08-05 19:35:16.802 DEBUG processModel 157 0002d9df-bcfb-8000-9e06-010000010000 Processing reference: FormElement[label=Question1]
2016-08-05 19:35:16.803 DEBUG processModel 157 0002d9df-bcfb-8000-9e06-010000010000 Processing reference: InternalForm.docId
2016-08-05 19:35:16.803 DEBUG processModel 157 0002d9df-bcfb-8000-9e06-010000010000 Processing reference: com.appiancorp.suiteapi.process.Assignment$Assignee@e6564ff
2016-08-05 19:35:16.803 DEBUG processModel 157 0002d9df-bcfb-8000-9e06-010000010000 Processing reference: ProcessVariable[name=approve,it=26,v=1]
2016-08-05 19:35:16.803 DEBUG processModel 157 0002d9df-bcfb-8000-9e06-010000010000 Processing reference: ProcessVariable[name=comments,it=3,v=]
2016-08-05 19:35:16.803 DEBUG processModel 157 0002d9df-bcfb-8000-9e06-010000010000 Processing reference: ProcessVariable[name=expenseAmount,it=2,v=0.0]
2016-08-05 19:35:16.803 DEBUG processModel 157 0002d9df-bcfb-8000-9e06-010000010000 Processing reference: ProcessVariable[name=expenseDate,it=7,v=<null>]
2016-08-05 19:35:16.803 DEBUG processModel 157 0002d9df-bcfb-8000-9e06-010000010000 Processing reference: ProcessVariable[name=expenseItem,it=3,v=]
2016-08-05 19:35:16.804 DEBUG processModel 157 0002d9df-bcfb-8000-9e06-010000010000 Processing reference: com.appiancorp.suiteapi.process.ProcessRoleMap@103aa635[
  Role[name=ADMIN_OWNER,usernames=[schinyavong]]
  Role[name=EDITOR]
  Role[name=EXPLICIT_NONMEMBER]
  Role[name=VIEWER]
  Role[name=MANAGER]
  Role[name=INITIATOR]
]
2016-08-05 19:35:16.804 DEBUG processModel 157 0002d9df-bcfb-8000-9e06-010000010000 Processing reference: Role[name=ADMIN_OWNER,usernames=[schinyavong]]
2016-08-05 19:35:16.805 DEBUG processModel 157 0002d9df-bcfb-8000-9e06-010000010000 Processing reference: Role[name=EDITOR]
2016-08-05 19:35:16.805 DEBUG processModel 157 0002d9df-bcfb-8000-9e06-010000010000 Processing reference: Role[name=EXPLICIT_NONMEMBER]
2016-08-05 19:35:16.805 DEBUG processModel 157 0002d9df-bcfb-8000-9e06-010000010000 Processing reference: Role[name=VIEWER]
2016-08-05 19:35:16.805 DEBUG processModel 157 0002d9df-bcfb-8000-9e06-010000010000 Processing reference: Role[name=MANAGER]
2016-08-05 19:35:16.805 DEBUG processModel 157 0002d9df-bcfb-8000-9e06-010000010000 Processing reference: Role[name=INITIATOR]
2016-08-05 19:35:16.805 DEBUG processModel 157 0002d9df-bcfb-8000-9e06-010000010000 Exporting binary resources.
2016-08-05 19:35:16.805 DEBUG processModel 157 0002d9df-bcfb-8000-9e06-010000010000 Serializing object to XML.
2016-08-05 19:35:16.816 DEBUG processModel 157 0002d9df-bcfb-8000-9e06-010000010000 Object transported.
2016-08-05 19:35:16.818 DEBUG tempoReport 22 9a9c998d-7749-452d-af4f-c5f9457466ff Begin transport.
2016-08-05 19:35:16.818 DEBUG tempoReport 22 9a9c998d-7749-452d-af4f-c5f9457466ff Retrieving object data.
2016-08-05 19:35:16.829 DEBUG tempoReport 22 9a9c998d-7749-452d-af4f-c5f9457466ff Setting uuids of object references.
2016-08-05 19:35:16.829 DEBUG tempoReport 22 9a9c998d-7749-452d-af4f-c5f9457466ff Processing reference: UiContainer.uiExpr
2016-08-05 19:35:16.831 DEBUG tempoReport 22 9a9c998d-7749-452d-af4f-c5f9457466ff Exporting binary resources.
2016-08-05 19:35:16.831 DEBUG tempoReport 22 9a9c998d-7749-452d-af4f-c5f9457466ff Serializing object to XML.
2016-08-05 19:35:16.831 DEBUG tempoReport 22 9a9c998d-7749-452d-af4f-c5f9457466ff Object transported.
2016-08-05 19:35:16.831 DEBUG application 13844 _a-0000dc24-b9e1-8000-9e06-010000010000_14188 Exporting binary resources.
2016-08-05 19:35:16.831 DEBUG application 13844 _a-0000dc24-b9e1-8000-9e06-010000010000_14188 Serializing object to XML.
2016-08-05 19:35:16.833 DEBUG application 13844 _a-0000dc24-b9e1-8000-9e06-010000010000_14188 Object transported.
